2021-01-22 18:26:55.969 [main] INFO  com.zt.itservice.ItServiceIndexApplicationTests - Starting ItServiceIndexApplicationTests using Java 1.8.0_191 on NarcisodeMacBook-Air.local with PID 6268 (started by narcisohuang in /Users/narcisohuang/workspace/chintpower/ITServicep-Index)
2021-01-22 18:26:55.971 [main] INFO  com.zt.itservice.ItServiceIndexApplicationTests - The following profiles are active: prod
2021-01-22 18:26:58.887 [main] INFO  o.s.scheduling.concurrent.ThreadPoolTaskExecutor - Initializing ExecutorService 'applicationTaskExecutor'
2021-01-22 18:26:59.194 [main] INFO  o.s.b.a.web.servlet.WelcomePageHandlerMapping - Adding welcome page: class path resource [static/index.html]
2021-01-22 18:26:59.595 [main] INFO  org.quartz.impl.StdSchedulerFactory - Using default implementation for ThreadExecutor
2021-01-22 18:26:59.642 [main] INFO  org.quartz.core.SchedulerSignalerImpl - Initialized Scheduler Signaller of type: class org.quartz.core.SchedulerSignalerImpl
2021-01-22 18:26:59.643 [main] INFO  org.quartz.core.QuartzScheduler - Quartz Scheduler v.2.3.2 created.
2021-01-22 18:26:59.645 [main] INFO  org.quartz.simpl.RAMJobStore - RAMJobStore initialized.
2021-01-22 18:26:59.646 [main] INFO  org.quartz.core.QuartzScheduler - Scheduler meta-data: Quartz Scheduler (v2.3.2) 'quartzScheduler' with instanceId 'NON_CLUSTERED'
  Scheduler class: 'org.quartz.core.QuartzScheduler' - running locally.
  NOT STARTED.
  Currently in standby mode.
  Number of jobs executed: 0
  Using thread pool 'org.quartz.simpl.SimpleThreadPool' - with 10 threads.
  Using job-store 'org.quartz.simpl.RAMJobStore' - which does not support persistence. and is not clustered.

2021-01-22 18:26:59.647 [main] INFO  org.quartz.impl.StdSchedulerFactory - Quartz scheduler 'quartzScheduler' initialized from an externally provided properties instance.
2021-01-22 18:26:59.647 [main] INFO  org.quartz.impl.StdSchedulerFactory - Quartz scheduler version: 2.3.2
2021-01-22 18:26:59.647 [main] INFO  org.quartz.core.QuartzScheduler - JobFactory set to: org.springframework.scheduling.quartz.SpringBeanJobFactory@6b2e0f78
2021-01-22 18:26:59.716 [main] INFO  o.s.scheduling.quartz.SchedulerFactoryBean - Starting Quartz Scheduler now
2021-01-22 18:26:59.718 [main] INFO  org.quartz.core.QuartzScheduler - Scheduler quartzScheduler_$_NON_CLUSTERED started.
2021-01-22 18:26:59.740 [main] INFO  com.zt.itservice.ItServiceIndexApplicationTests - Started ItServiceIndexApplicationTests in 4.864 seconds (JVM running for 7.022)
2021-01-22 18:27:00.613 [SpringContextShutdownHook] INFO  org.quartz.core.QuartzScheduler - Scheduler quartzScheduler_$_NON_CLUSTERED paused.
2021-01-22 18:27:00.615 [SpringContextShutdownHook] INFO  o.s.scheduling.quartz.SchedulerFactoryBean - Shutting down Quartz Scheduler
2021-01-22 18:27:00.615 [SpringContextShutdownHook] INFO  org.quartz.core.QuartzScheduler - Scheduler quartzScheduler_$_NON_CLUSTERED shutting down.
2021-01-22 18:27:00.616 [SpringContextShutdownHook] INFO  org.quartz.core.QuartzScheduler - Scheduler quartzScheduler_$_NON_CLUSTERED paused.
2021-01-22 18:27:00.625 [SpringContextShutdownHook] INFO  org.quartz.core.QuartzScheduler - Scheduler quartzScheduler_$_NON_CLUSTERED shutdown complete.
2021-01-22 18:27:00.638 [SpringContextShutdownHook] INFO  o.s.scheduling.concurrent.ThreadPoolTaskExecutor - Shutting down ExecutorService 'applicationTaskExecutor'
