2021-03-22 03:22:17.486 [main] INFO  com.zt.itservice.ItServiceIndexApplication - Starting ItServiceIndexApplication using Java 1.8.0_191 on NarcisodeMacBook-Air.local with PID 31820 (/Users/narcisohuang/workspace/chintpower/ITServicep-Index/target/classes started by narcisohuang in /Users/narcisohuang/workspace/chintpower/ITServicep-Index)
2021-03-22 03:22:17.508 [main] INFO  com.zt.itservice.ItServiceIndexApplication - The following profiles are active: prod
2021-03-22 03:22:21.857 [main] INFO  o.s.boot.web.embedded.tomcat.TomcatWebServer - Tomcat initialized with port(s): 8084 (https)
2021-03-22 03:22:21.890 [main] INFO  org.apache.coyote.http11.Http11NioProtocol - Initializing ProtocolHandler ["https-jsse-nio-8084"]
2021-03-22 03:22:21.891 [main] INFO  org.apache.catalina.core.StandardService - Starting service [Tomcat]
2021-03-22 03:22:21.892 [main] INFO  org.apache.catalina.core.StandardEngine - Starting Servlet engine: [Apache Tomcat/9.0.41]
2021-03-22 03:22:22.158 [main] INFO  o.a.c.core.ContainerBase.[Tomcat].[localhost].[/] - Initializing Spring embedded WebApplicationContext
2021-03-22 03:22:22.158 [main] INFO  o.s.b.w.s.c.ServletWebServerApplicationContext - Root WebApplicationContext: initialization completed in 4282 ms
2021-03-22 03:22:22.896 [main] INFO  o.s.scheduling.concurrent.ThreadPoolTaskExecutor - Initializing ExecutorService 'applicationTaskExecutor'
2021-03-22 03:22:23.244 [main] INFO  o.s.b.a.web.servlet.WelcomePageHandlerMapping - Adding welcome page: class path resource [static/index.html]
2021-03-22 03:22:23.606 [main] INFO  org.quartz.impl.StdSchedulerFactory - Using default implementation for ThreadExecutor
2021-03-22 03:22:23.650 [main] INFO  org.quartz.core.SchedulerSignalerImpl - Initialized Scheduler Signaller of type: class org.quartz.core.SchedulerSignalerImpl
2021-03-22 03:22:23.654 [main] INFO  org.quartz.core.QuartzScheduler - Quartz Scheduler v.2.3.2 created.
2021-03-22 03:22:23.659 [main] INFO  org.quartz.simpl.RAMJobStore - RAMJobStore initialized.
2021-03-22 03:22:23.660 [main] INFO  org.quartz.core.QuartzScheduler - Scheduler meta-data: Quartz Scheduler (v2.3.2) 'quartzScheduler' with instanceId 'NON_CLUSTERED'
  Scheduler class: 'org.quartz.core.QuartzScheduler' - running locally.
  NOT STARTED.
  Currently in standby mode.
  Number of jobs executed: 0
  Using thread pool 'org.quartz.simpl.SimpleThreadPool' - with 10 threads.
  Using job-store 'org.quartz.simpl.RAMJobStore' - which does not support persistence. and is not clustered.

2021-03-22 03:22:23.661 [main] INFO  org.quartz.impl.StdSchedulerFactory - Quartz scheduler 'quartzScheduler' initialized from an externally provided properties instance.
2021-03-22 03:22:23.662 [main] INFO  org.quartz.impl.StdSchedulerFactory - Quartz scheduler version: 2.3.2
2021-03-22 03:22:23.662 [main] INFO  org.quartz.core.QuartzScheduler - JobFactory set to: org.springframework.scheduling.quartz.SpringBeanJobFactory@50d3bf39
2021-03-22 03:22:23.751 [main] INFO  org.apache.coyote.http11.Http11NioProtocol - Starting ProtocolHandler ["https-jsse-nio-8084"]
2021-03-22 03:22:26.068 [main] INFO  o.s.boot.web.embedded.tomcat.TomcatWebServer - Tomcat started on port(s): 8084 (https) with context path ''
2021-03-22 03:22:26.071 [main] INFO  o.s.scheduling.quartz.SchedulerFactoryBean - Starting Quartz Scheduler now
2021-03-22 03:22:26.071 [main] INFO  org.quartz.core.QuartzScheduler - Scheduler quartzScheduler_$_NON_CLUSTERED started.
2021-03-22 03:22:26.199 [main] INFO  com.zt.itservice.ItServiceIndexApplication - Started ItServiceIndexApplication in 13.097 seconds (JVM running for 16.287)
2021-03-22 03:23:06.179 [https-jsse-nio-8084-exec-8] INFO  o.a.c.core.ContainerBase.[Tomcat].[localhost].[/] - Initializing Spring DispatcherServlet 'dispatcherServlet'
2021-03-22 03:23:06.181 [https-jsse-nio-8084-exec-8] INFO  org.springframework.web.servlet.DispatcherServlet - Initializing Servlet 'dispatcherServlet'
2021-03-22 03:23:06.184 [https-jsse-nio-8084-exec-8] INFO  org.springframework.web.servlet.DispatcherServlet - Completed initialization in 2 ms
2021-03-22 03:28:35.154 [SpringContextShutdownHook] INFO  org.quartz.core.QuartzScheduler - Scheduler quartzScheduler_$_NON_CLUSTERED paused.
2021-03-22 03:28:35.244 [SpringContextShutdownHook] INFO  o.s.scheduling.quartz.SchedulerFactoryBean - Shutting down Quartz Scheduler
2021-03-22 03:28:35.244 [SpringContextShutdownHook] INFO  org.quartz.core.QuartzScheduler - Scheduler quartzScheduler_$_NON_CLUSTERED shutting down.
2021-03-22 03:28:35.244 [SpringContextShutdownHook] INFO  org.quartz.core.QuartzScheduler - Scheduler quartzScheduler_$_NON_CLUSTERED paused.
2021-03-22 03:28:35.245 [SpringContextShutdownHook] INFO  org.quartz.core.QuartzScheduler - Scheduler quartzScheduler_$_NON_CLUSTERED shutdown complete.
2021-03-22 03:28:35.247 [SpringContextShutdownHook] INFO  o.s.scheduling.concurrent.ThreadPoolTaskExecutor - Shutting down ExecutorService 'applicationTaskExecutor'
2021-03-22 08:39:01.994 [main] INFO  com.zt.itservice.ItServiceIndexApplicationTests - Starting ItServiceIndexApplicationTests using Java 1.8.0_191 on NarcisodeMacBook-Air.local with PID 34905 (started by narcisohuang in /Users/narcisohuang/workspace/chintpower/ITServicep-Index)
2021-03-22 08:39:01.998 [main] INFO  com.zt.itservice.ItServiceIndexApplicationTests - The following profiles are active: prod
2021-03-22 08:39:04.423 [main] INFO  o.s.scheduling.concurrent.ThreadPoolTaskExecutor - Initializing ExecutorService 'applicationTaskExecutor'
2021-03-22 08:39:04.726 [main] INFO  o.s.b.a.web.servlet.WelcomePageHandlerMapping - Adding welcome page: class path resource [static/index.html]
2021-03-22 08:39:05.109 [main] INFO  org.quartz.impl.StdSchedulerFactory - Using default implementation for ThreadExecutor
2021-03-22 08:39:05.150 [main] INFO  org.quartz.core.SchedulerSignalerImpl - Initialized Scheduler Signaller of type: class org.quartz.core.SchedulerSignalerImpl
2021-03-22 08:39:05.150 [main] INFO  org.quartz.core.QuartzScheduler - Quartz Scheduler v.2.3.2 created.
2021-03-22 08:39:05.152 [main] INFO  org.quartz.simpl.RAMJobStore - RAMJobStore initialized.
2021-03-22 08:39:05.154 [main] INFO  org.quartz.core.QuartzScheduler - Scheduler meta-data: Quartz Scheduler (v2.3.2) 'quartzScheduler' with instanceId 'NON_CLUSTERED'
  Scheduler class: 'org.quartz.core.QuartzScheduler' - running locally.
  NOT STARTED.
  Currently in standby mode.
  Number of jobs executed: 0
  Using thread pool 'org.quartz.simpl.SimpleThreadPool' - with 10 threads.
  Using job-store 'org.quartz.simpl.RAMJobStore' - which does not support persistence. and is not clustered.

2021-03-22 08:39:05.155 [main] INFO  org.quartz.impl.StdSchedulerFactory - Quartz scheduler 'quartzScheduler' initialized from an externally provided properties instance.
2021-03-22 08:39:05.155 [main] INFO  org.quartz.impl.StdSchedulerFactory - Quartz scheduler version: 2.3.2
2021-03-22 08:39:05.156 [main] INFO  org.quartz.core.QuartzScheduler - JobFactory set to: org.springframework.scheduling.quartz.SpringBeanJobFactory@2416498e
2021-03-22 08:39:05.220 [main] INFO  o.s.scheduling.quartz.SchedulerFactoryBean - Starting Quartz Scheduler now
2021-03-22 08:39:05.221 [main] INFO  org.quartz.core.QuartzScheduler - Scheduler quartzScheduler_$_NON_CLUSTERED started.
2021-03-22 08:39:05.237 [main] INFO  com.zt.itservice.ItServiceIndexApplicationTests - Started ItServiceIndexApplicationTests in 4.218 seconds (JVM running for 6.344)
2021-03-22 08:39:06.098 [SpringContextShutdownHook] INFO  org.quartz.core.QuartzScheduler - Scheduler quartzScheduler_$_NON_CLUSTERED paused.
2021-03-22 08:39:06.100 [SpringContextShutdownHook] INFO  o.s.scheduling.quartz.SchedulerFactoryBean - Shutting down Quartz Scheduler
2021-03-22 08:39:06.101 [SpringContextShutdownHook] INFO  org.quartz.core.QuartzScheduler - Scheduler quartzScheduler_$_NON_CLUSTERED shutting down.
2021-03-22 08:39:06.101 [SpringContextShutdownHook] INFO  org.quartz.core.QuartzScheduler - Scheduler quartzScheduler_$_NON_CLUSTERED paused.
2021-03-22 08:39:06.102 [SpringContextShutdownHook] INFO  org.quartz.core.QuartzScheduler - Scheduler quartzScheduler_$_NON_CLUSTERED shutdown complete.
2021-03-22 08:39:06.106 [SpringContextShutdownHook] INFO  o.s.scheduling.concurrent.ThreadPoolTaskExecutor - Shutting down ExecutorService 'applicationTaskExecutor'
2021-03-22 08:47:53.038 [main] INFO  com.zt.itservice.ItServiceIndexApplicationTests - Starting ItServiceIndexApplicationTests using Java 1.8.0_191 on NarcisodeMacBook-Air.local with PID 35087 (started by narcisohuang in /Users/narcisohuang/workspace/chintpower/ITServicep-Index)
2021-03-22 08:47:53.040 [main] INFO  com.zt.itservice.ItServiceIndexApplicationTests - The following profiles are active: prod
2021-03-22 08:47:55.381 [main] INFO  o.s.scheduling.concurrent.ThreadPoolTaskExecutor - Initializing ExecutorService 'applicationTaskExecutor'
2021-03-22 08:47:55.674 [main] INFO  o.s.b.a.web.servlet.WelcomePageHandlerMapping - Adding welcome page: class path resource [static/index.html]
2021-03-22 08:47:56.047 [main] INFO  org.quartz.impl.StdSchedulerFactory - Using default implementation for ThreadExecutor
2021-03-22 08:47:56.090 [main] INFO  org.quartz.core.SchedulerSignalerImpl - Initialized Scheduler Signaller of type: class org.quartz.core.SchedulerSignalerImpl
2021-03-22 08:47:56.091 [main] INFO  org.quartz.core.QuartzScheduler - Quartz Scheduler v.2.3.2 created.
2021-03-22 08:47:56.093 [main] INFO  org.quartz.simpl.RAMJobStore - RAMJobStore initialized.
2021-03-22 08:47:56.095 [main] INFO  org.quartz.core.QuartzScheduler - Scheduler meta-data: Quartz Scheduler (v2.3.2) 'quartzScheduler' with instanceId 'NON_CLUSTERED'
  Scheduler class: 'org.quartz.core.QuartzScheduler' - running locally.
  NOT STARTED.
  Currently in standby mode.
  Number of jobs executed: 0
  Using thread pool 'org.quartz.simpl.SimpleThreadPool' - with 10 threads.
  Using job-store 'org.quartz.simpl.RAMJobStore' - which does not support persistence. and is not clustered.

2021-03-22 08:47:56.095 [main] INFO  org.quartz.impl.StdSchedulerFactory - Quartz scheduler 'quartzScheduler' initialized from an externally provided properties instance.
2021-03-22 08:47:56.096 [main] INFO  org.quartz.impl.StdSchedulerFactory - Quartz scheduler version: 2.3.2
2021-03-22 08:47:56.096 [main] INFO  org.quartz.core.QuartzScheduler - JobFactory set to: org.springframework.scheduling.quartz.SpringBeanJobFactory@2015b2cd
2021-03-22 08:47:56.216 [main] INFO  o.s.scheduling.quartz.SchedulerFactoryBean - Starting Quartz Scheduler now
2021-03-22 08:47:56.218 [main] INFO  org.quartz.core.QuartzScheduler - Scheduler quartzScheduler_$_NON_CLUSTERED started.
2021-03-22 08:47:56.232 [main] INFO  com.zt.itservice.ItServiceIndexApplicationTests - Started ItServiceIndexApplicationTests in 4.243 seconds (JVM running for 6.261)
2021-03-22 08:47:57.022 [SpringContextShutdownHook] INFO  org.quartz.core.QuartzScheduler - Scheduler quartzScheduler_$_NON_CLUSTERED paused.
2021-03-22 08:47:57.024 [SpringContextShutdownHook] INFO  o.s.scheduling.quartz.SchedulerFactoryBean - Shutting down Quartz Scheduler
2021-03-22 08:47:57.025 [SpringContextShutdownHook] INFO  org.quartz.core.QuartzScheduler - Scheduler quartzScheduler_$_NON_CLUSTERED shutting down.
2021-03-22 08:47:57.026 [SpringContextShutdownHook] INFO  org.quartz.core.QuartzScheduler - Scheduler quartzScheduler_$_NON_CLUSTERED paused.
2021-03-22 08:47:57.030 [SpringContextShutdownHook] INFO  org.quartz.core.QuartzScheduler - Scheduler quartzScheduler_$_NON_CLUSTERED shutdown complete.
2021-03-22 08:47:57.037 [SpringContextShutdownHook] INFO  o.s.scheduling.concurrent.ThreadPoolTaskExecutor - Shutting down ExecutorService 'applicationTaskExecutor'
