2021-01-22 18:23:42.275 [main] INFO  com.zt.itservice.ItServiceIndexApplicationTests - Starting ItServiceIndexApplicationTests using Java 1.8.0_191 on NarcisodeMacBook-Air.local with PID 6164 (started by narcisohuang in /Users/narcisohuang/workspace/chintpower/ITServicep-Index)
2021-01-22 18:23:42.277 [main] INFO  com.zt.itservice.ItServiceIndexApplicationTests - The following profiles are active: prod
2021-01-22 18:23:45.637 [main] INFO  o.s.scheduling.concurrent.ThreadPoolTaskExecutor - Initializing ExecutorService 'applicationTaskExecutor'
2021-01-22 18:23:46.092 [main] INFO  o.s.b.a.web.servlet.WelcomePageHandlerMapping - Adding welcome page: class path resource [static/index.html]
2021-01-22 18:23:46.541 [main] INFO  org.quartz.impl.StdSchedulerFactory - Using default implementation for ThreadExecutor
2021-01-22 18:23:46.587 [main] INFO  org.quartz.core.SchedulerSignalerImpl - Initialized Scheduler Signaller of type: class org.quartz.core.SchedulerSignalerImpl
2021-01-22 18:23:46.588 [main] INFO  org.quartz.core.QuartzScheduler - Quartz Scheduler v.2.3.2 created.
2021-01-22 18:23:46.589 [main] INFO  org.quartz.simpl.RAMJobStore - RAMJobStore initialized.
2021-01-22 18:23:46.591 [main] INFO  org.quartz.core.QuartzScheduler - Scheduler meta-data: Quartz Scheduler (v2.3.2) 'quartzScheduler' with instanceId 'NON_CLUSTERED'
  Scheduler class: 'org.quartz.core.QuartzScheduler' - running locally.
  NOT STARTED.
  Currently in standby mode.
  Number of jobs executed: 0
  Using thread pool 'org.quartz.simpl.SimpleThreadPool' - with 10 threads.
  Using job-store 'org.quartz.simpl.RAMJobStore' - which does not support persistence. and is not clustered.

2021-01-22 18:23:46.591 [main] INFO  org.quartz.impl.StdSchedulerFactory - Quartz scheduler 'quartzScheduler' initialized from an externally provided properties instance.
2021-01-22 18:23:46.592 [main] INFO  org.quartz.impl.StdSchedulerFactory - Quartz scheduler version: 2.3.2
2021-01-22 18:23:46.592 [main] INFO  org.quartz.core.QuartzScheduler - JobFactory set to: org.springframework.scheduling.quartz.SpringBeanJobFactory@4f453e63
2021-01-22 18:23:46.686 [main] INFO  o.s.scheduling.quartz.SchedulerFactoryBean - Starting Quartz Scheduler now
2021-01-22 18:23:46.687 [main] INFO  org.quartz.core.QuartzScheduler - Scheduler quartzScheduler_$_NON_CLUSTERED started.
2021-01-22 18:23:46.709 [main] INFO  com.zt.itservice.ItServiceIndexApplicationTests - Started ItServiceIndexApplicationTests in 5.751 seconds (JVM running for 8.774)
2021-01-22 18:23:47.660 [SpringContextShutdownHook] INFO  org.quartz.core.QuartzScheduler - Scheduler quartzScheduler_$_NON_CLUSTERED paused.
2021-01-22 18:23:47.662 [SpringContextShutdownHook] INFO  o.s.scheduling.quartz.SchedulerFactoryBean - Shutting down Quartz Scheduler
2021-01-22 18:23:47.662 [SpringContextShutdownHook] INFO  org.quartz.core.QuartzScheduler - Scheduler quartzScheduler_$_NON_CLUSTERED shutting down.
2021-01-22 18:23:47.662 [SpringContextShutdownHook] INFO  org.quartz.core.QuartzScheduler - Scheduler quartzScheduler_$_NON_CLUSTERED paused.
2021-01-22 18:23:47.663 [SpringContextShutdownHook] INFO  org.quartz.core.QuartzScheduler - Scheduler quartzScheduler_$_NON_CLUSTERED shutdown complete.
2021-01-22 18:23:47.666 [SpringContextShutdownHook] INFO  o.s.scheduling.concurrent.ThreadPoolTaskExecutor - Shutting down ExecutorService 'applicationTaskExecutor'
2021-01-22 18:25:22.392 [main] INFO  com.zt.itservice.ItServiceIndexApplicationTests - Starting ItServiceIndexApplicationTests using Java 1.8.0_191 on NarcisodeMacBook-Air.local with PID 6205 (started by narcisohuang in /Users/narcisohuang/workspace/chintpower/ITServicep-Index)
2021-01-22 18:25:22.397 [main] INFO  com.zt.itservice.ItServiceIndexApplicationTests - The following profiles are active: prod
2021-01-22 18:25:26.005 [main] INFO  o.s.scheduling.concurrent.ThreadPoolTaskExecutor - Initializing ExecutorService 'applicationTaskExecutor'
2021-01-22 18:25:26.372 [main] INFO  o.s.b.a.web.servlet.WelcomePageHandlerMapping - Adding welcome page: class path resource [static/index.html]
2021-01-22 18:25:27.110 [main] INFO  org.quartz.impl.StdSchedulerFactory - Using default implementation for ThreadExecutor
2021-01-22 18:25:27.156 [main] INFO  org.quartz.core.SchedulerSignalerImpl - Initialized Scheduler Signaller of type: class org.quartz.core.SchedulerSignalerImpl
2021-01-22 18:25:27.158 [main] INFO  org.quartz.core.QuartzScheduler - Quartz Scheduler v.2.3.2 created.
2021-01-22 18:25:27.160 [main] INFO  org.quartz.simpl.RAMJobStore - RAMJobStore initialized.
2021-01-22 18:25:27.162 [main] INFO  org.quartz.core.QuartzScheduler - Scheduler meta-data: Quartz Scheduler (v2.3.2) 'quartzScheduler' with instanceId 'NON_CLUSTERED'
  Scheduler class: 'org.quartz.core.QuartzScheduler' - running locally.
  NOT STARTED.
  Currently in standby mode.
  Number of jobs executed: 0
  Using thread pool 'org.quartz.simpl.SimpleThreadPool' - with 10 threads.
  Using job-store 'org.quartz.simpl.RAMJobStore' - which does not support persistence. and is not clustered.

2021-01-22 18:25:27.162 [main] INFO  org.quartz.impl.StdSchedulerFactory - Quartz scheduler 'quartzScheduler' initialized from an externally provided properties instance.
2021-01-22 18:25:27.163 [main] INFO  org.quartz.impl.StdSchedulerFactory - Quartz scheduler version: 2.3.2
2021-01-22 18:25:27.165 [main] INFO  org.quartz.core.QuartzScheduler - JobFactory set to: org.springframework.scheduling.quartz.SpringBeanJobFactory@771cbb1a
2021-01-22 18:25:27.242 [main] INFO  o.s.scheduling.quartz.SchedulerFactoryBean - Starting Quartz Scheduler now
2021-01-22 18:25:27.243 [main] INFO  org.quartz.core.QuartzScheduler - Scheduler quartzScheduler_$_NON_CLUSTERED started.
2021-01-22 18:25:27.262 [main] INFO  com.zt.itservice.ItServiceIndexApplicationTests - Started ItServiceIndexApplicationTests in 6.14 seconds (JVM running for 9.07)
2021-01-22 18:25:28.184 [SpringContextShutdownHook] INFO  org.quartz.core.QuartzScheduler - Scheduler quartzScheduler_$_NON_CLUSTERED paused.
2021-01-22 18:25:28.186 [SpringContextShutdownHook] INFO  o.s.scheduling.quartz.SchedulerFactoryBean - Shutting down Quartz Scheduler
2021-01-22 18:25:28.187 [SpringContextShutdownHook] INFO  org.quartz.core.QuartzScheduler - Scheduler quartzScheduler_$_NON_CLUSTERED shutting down.
2021-01-22 18:25:28.188 [SpringContextShutdownHook] INFO  org.quartz.core.QuartzScheduler - Scheduler quartzScheduler_$_NON_CLUSTERED paused.
2021-01-22 18:25:28.190 [SpringContextShutdownHook] INFO  org.quartz.core.QuartzScheduler - Scheduler quartzScheduler_$_NON_CLUSTERED shutdown complete.
2021-01-22 18:25:28.195 [SpringContextShutdownHook] INFO  o.s.scheduling.concurrent.ThreadPoolTaskExecutor - Shutting down ExecutorService 'applicationTaskExecutor'
